\BOOKMARK [1][-]{section.1}{\376\377\000R\000e\000s\000u\000m\000e\000n\000\040\000e\000j\000e\000c\000u\000t\000i\000v\000o}{}% 1
\BOOKMARK [1][-]{section.2}{\376\377\000O\000b\000j\000e\000t\000i\000v\000o\000\040\000d\000e\000l\000\040\000d\000o\000c\000u\000m\000e\000n\000t\000o}{}% 2
\BOOKMARK [1][-]{section.3}{\376\377\000E\000s\000t\000a\000d\000o\000\040\000a\000c\000t\000u\000a\000l\000\040\000d\000e\000\040\000P\000o\000C}{}% 3
\BOOKMARK [2][-]{subsection.3.1}{\376\377\000E\000s\000t\000a\000d\000o\000\040\000d\000e\000\040\000i\000n\000t\000e\000g\000r\000a\000c\000i\000o\000n\000\040\000e\000n\000\040\000Z\000a\000l\000l\000e\000t}{section.3}% 4
\BOOKMARK [1][-]{section.4}{\376\377\000F\000u\000e\000n\000t\000e\000s\000\040\000u\000s\000a\000d\000a\000s\000\040\000d\000e\000n\000t\000r\000o\000\040\000d\000e\000\040\000e\000s\000t\000a\000\040\000b\000r\000a\000n\000c\000h}{}% 5
\BOOKMARK [1][-]{section.5}{\376\377\000H\000i\000p\000o\000t\000e\000s\000i\000s\000\040\000p\000r\000i\000n\000c\000i\000p\000a\000l}{}% 6
\BOOKMARK [2][-]{subsection.5.1}{\376\377\000C\000a\000p\000a\000c\000i\000d\000a\000d\000e\000s\000\040\000d\000e\000l\000\040\000a\000t\000a\000c\000a\000n\000t\000e}{section.5}% 7
\BOOKMARK [1][-]{section.6}{\376\377\000M\000a\000p\000a\000\040\000d\000e\000l\000\040\000a\000t\000a\000q\000u\000e\000\040\000c\000o\000m\000p\000u\000e\000s\000t\000o}{}% 8
\BOOKMARK [2][-]{subsection.6.1}{\376\377\000V\000i\000s\000t\000a\000\040\000d\000e\000\040\000a\000l\000t\000o\000\040\000n\000i\000v\000e\000l}{section.6}% 9
\BOOKMARK [1][-]{section.7}{\376\377\000F\000a\000s\000e\000\040\0001\000:\000\040\000a\000d\000m\000i\000s\000i\000o\000n\000\040\000d\000e\000\040\000e\000s\000t\000a\000d\000o\000\040\000n\000o\000\040\000v\000a\000l\000i\000d\000a\000d\000o}{}% 10
\BOOKMARK [2][-]{subsection.7.1}{\376\377\000B\000u\000g\000\040\0001\000A\000:\000\040\000d\000e\000c\000r\000y\000p\000t\000\137\000a\000n\000d\000\137\000s\000t\000o\000r\000e\000\137\000t\000r\000a\000n\000s\000a\000c\000t\000i\000o\000n\000\040\000n\000o\000\040\000e\000s\000\040\000u\000n\000\040\000v\000a\000l\000i\000d\000a\000d\000o\000r\000\040\000d\000e\000\040\000c\000o\000n\000s\000e\000n\000s\000o}{section.7}% 11
\BOOKMARK [2][-]{subsection.7.2}{\376\377\000B\000u\000g\000\040\0001\000B\000:\000\040\000c\000o\000m\000p\000a\000c\000t\000\040\000s\000c\000a\000n\000n\000i\000n\000g\000\040\000p\000u\000e\000d\000e\000\040\000p\000r\000o\000m\000o\000v\000e\000r\000\040\000o\000u\000t\000p\000u\000t\000s\000\040\000s\000i\000n\000\040\000v\000a\000l\000i\000d\000a\000c\000i\000o\000n\000\040\000l\000o\000c\000a\000l\000\040\000c\000o\000m\000p\000l\000e\000t\000a}{section.7}% 12
\BOOKMARK [2][-]{subsection.7.3}{\376\377\000B\000u\000g\000\040\0001\000C\000:\000\040\000c\000o\000n\000f\000u\000s\000i\000o\000n\000\040\000d\000e\000\040\000c\000o\000n\000t\000e\000x\000t\000o\000\040\000Z\000I\000P\000-\0002\0001\0002}{section.7}% 13
\BOOKMARK [2][-]{subsection.7.4}{\376\377\000P\000o\000r\000\040\000q\000u\000e\000\040\000e\000s\000t\000a\000\040\000f\000a\000s\000e\000\040\000e\000s\000\040\000i\000m\000p\000o\000r\000t\000a\000n\000t\000e}{section.7}% 14
\BOOKMARK [1][-]{section.8}{\376\377\000F\000a\000s\000e\000\040\0002\000:\000\040\000p\000e\000r\000s\000i\000s\000t\000e\000n\000c\000i\000a\000\040\000s\000i\000n\000\040\000r\000e\000b\000i\000n\000d\000i\000n\000g\000\040\000s\000u\000f\000i\000c\000i\000e\000n\000t\000e}{}% 15
\BOOKMARK [2][-]{subsection.8.1}{\376\377\000B\000u\000g\000\040\0002\000A\000:\000\040\000n\000o\000t\000a\000\040\000p\000e\000r\000s\000i\000s\000t\000i\000d\000a\000\040\000s\000i\000n\000\040\000r\000e\000c\000h\000e\000c\000k\000\040\000d\000e\000\040\000c\000o\000m\000m\000i\000t\000m\000e\000n\000t}{section.8}% 16
\BOOKMARK [2][-]{subsection.8.2}{\376\377\000B\000u\000g\000\040\0002\000B\000:\000\040\000n\000u\000l\000l\000i\000f\000i\000e\000r\000\040\000y\000\040\000t\000r\000e\000e\000\040\000p\000o\000s\000i\000t\000i\000o\000n\000\040\000c\000a\000l\000l\000e\000r\000-\000s\000u\000p\000p\000l\000i\000e\000d}{section.8}% 17
\BOOKMARK [2][-]{subsection.8.3}{\376\377\000B\000u\000g\000\040\0002\000C\000:\000\040\000m\000e\000m\000o\000\040\000y\000\040\000o\000u\000t\000p\000u\000t\000\040\000i\000n\000d\000e\000x\000\040\000n\000o\000\040\000r\000e\000a\000t\000a\000d\000o\000s\000\040\000a\000l\000\040\000m\000i\000s\000m\000o\000\040\000o\000u\000t\000p\000u\000t\000\040\000c\000i\000f\000r\000a\000d\000o}{section.8}% 18
\BOOKMARK [2][-]{subsection.8.4}{\376\377\000B\000u\000g\000\040\0002\000D\000:\000\040\000u\000p\000s\000e\000r\000t\000s\000\040\000s\000t\000i\000c\000k\000y}{section.8}% 19
\BOOKMARK [2][-]{subsection.8.5}{\376\377\000P\000o\000r\000\040\000q\000u\000e\000\040\000e\000s\000t\000a\000\040\000f\000a\000s\000e\000\040\000e\000s\000\040\000i\000m\000p\000o\000r\000t\000a\000n\000t\000e}{section.8}% 20
\BOOKMARK [1][-]{section.9}{\376\377\000F\000a\000s\000e\000\040\0003\000:\000\040\000c\000o\000r\000r\000u\000p\000c\000i\000o\000n\000\040\000d\000e\000\040\000i\000n\000t\000e\000n\000t\000\040\000e\000n\000\040\000o\000u\000t\000p\000u\000t\000s\000\040\000e\000n\000v\000i\000a\000d\000o\000s}{}% 21
\BOOKMARK [2][-]{subsection.9.1}{\376\377\000B\000u\000g\000\040\0003\000A\000:\000\040\000P\000C\000Z\000T\000\040\000o\000u\000t\000p\000u\000t\000\040\000i\000n\000t\000e\000n\000t\000\040\000f\000i\000e\000l\000d\000s\000\040\000s\000o\000n\000\040\000w\000a\000l\000l\000e\000t\000-\000b\000o\000u\000n\000d}{section.9}% 22
\BOOKMARK [2][-]{subsection.9.2}{\376\377\000B\000u\000g\000\040\0003\000B\000:\000\040\000f\000u\000l\000l\000\040\000U\000A\000\040\000m\000u\000t\000a\000b\000l\000e\000\040\000d\000e\000s\000p\000u\000e\000s\000\040\000d\000e\000\040\000e\000l\000e\000g\000i\000r\000\040\000r\000e\000c\000e\000i\000v\000e\000r\000\040\000c\000o\000n\000c\000r\000e\000t\000o}{section.9}% 23
\BOOKMARK [2][-]{subsection.9.3}{\376\377\000B\000u\000g\000\040\0003\000C\000:\000\040\000s\000e\000n\000d\000e\000r\000\040\000r\000e\000c\000o\000v\000e\000r\000y\000\040\000s\000o\000l\000o\000\040\000p\000r\000o\000t\000e\000g\000e\000\040\000m\000e\000m\000o\000,\000\040\000n\000o\000\040\000r\000e\000c\000i\000p\000i\000e\000n\000t\000/\000v\000a\000l\000u\000e\000/\000a\000c\000c\000o\000u\000n\000t}{section.9}% 24
\BOOKMARK [2][-]{subsection.9.4}{\376\377\000C\000o\000n\000s\000e\000c\000u\000e\000n\000c\000i\000a\000\040\000g\000l\000o\000b\000a\000l\000\040\000d\000e\000\040\000l\000a\000\040\000f\000a\000s\000e\000\040\0003}{section.9}% 25
\BOOKMARK [1][-]{section.10}{\376\377\000F\000a\000s\000e\000\040\0004\000:\000\040\000a\000m\000p\000l\000i\000f\000i\000c\000a\000c\000i\000o\000n\000\040\000e\000n\000\040\000s\000p\000e\000n\000d\000a\000b\000i\000l\000i\000t\000y\000\040\000l\000o\000c\000a\000l}{}% 26
\BOOKMARK [2][-]{subsection.10.1}{\376\377\000C\000o\000m\000o\000\040\000l\000a\000s\000\040\000f\000a\000s\000e\000s\000\040\000a\000n\000t\000e\000r\000i\000o\000r\000e\000s\000\040\000c\000o\000n\000t\000a\000m\000i\000n\000a\000n\000\040\000g\000a\000s\000t\000o\000\040\000l\000o\000c\000a\000l}{section.10}% 27
\BOOKMARK [2][-]{subsection.10.2}{\376\377\000T\000i\000p\000o\000\040\000d\000e\000\040\000f\000a\000l\000l\000o\000\040\000e\000s\000p\000e\000r\000a\000d\000o}{section.10}% 28
\BOOKMARK [1][-]{section.11}{\376\377\000F\000a\000s\000e\000\040\0005\000:\000\040\000a\000m\000p\000l\000i\000f\000i\000c\000a\000c\000i\000o\000n\000\040\000p\000o\000r\000\040\000r\000e\000o\000r\000g}{}% 29
\BOOKMARK [2][-]{subsection.11.1}{\376\377\000B\000u\000g\000\040\0005\000A\000:\000\040\000d\000e\000e\000p\000\040\000r\000e\000w\000i\000n\000d\000\040\000n\000o\000\040\000l\000i\000m\000p\000i\000a\000\040\000t\000o\000d\000o\000\040\000a\000l\000\040\000t\000a\000r\000g\000e\000t\000\040\000p\000e\000d\000i\000d\000o}{section.11}% 30
\BOOKMARK [2][-]{subsection.11.2}{\376\377\000P\000o\000r\000\040\000q\000u\000e\000\040\000e\000s\000t\000o\000\040\000a\000g\000r\000a\000v\000a\000\040\000l\000a\000\040\000c\000a\000d\000e\000n\000a}{section.11}% 31
\BOOKMARK [1][-]{section.12}{\376\377\000F\000a\000s\000e\000\040\0006\000:\000\040\000D\000o\000S\000\040\000c\000o\000m\000o\000\040\000c\000i\000e\000r\000r\000e\000\040\000d\000e\000\040\000l\000a\000\040\000c\000a\000d\000e\000n\000a}{}% 32
\BOOKMARK [2][-]{subsection.12.1}{\376\377\000B\000u\000g\000\040\0006\000A\000:\000\040\000v\000a\000l\000o\000r\000e\000s\000\040\000f\000u\000e\000r\000a\000\040\000d\000e\000\040\000r\000a\000n\000g\000o\000\040\000p\000a\000n\000i\000q\000u\000e\000a\000n}{section.12}% 33
\BOOKMARK [2][-]{subsection.12.2}{\376\377\000B\000u\000g\000\040\0006\000B\000:\000\040\000c\000o\000m\000p\000a\000c\000t\000\040\000m\000e\000t\000a\000d\000a\000t\000a\000\040\000m\000a\000l\000f\000o\000r\000m\000a\000d\000a\000\040\000p\000a\000n\000i\000q\000u\000e\000a\000\040\000s\000c\000a\000n\000n\000i\000n\000g}{section.12}% 34
\BOOKMARK [2][-]{subsection.12.3}{\376\377\000V\000a\000l\000o\000r\000\040\000o\000f\000e\000n\000s\000i\000v\000o\000\040\000d\000e\000\040\000e\000s\000t\000a\000\040\000f\000a\000s\000e}{section.12}% 35
\BOOKMARK [1][-]{section.13}{\376\377\000A\000t\000a\000q\000u\000e\000s\000\040\000c\000o\000m\000p\000u\000e\000s\000t\000o\000s\000\040\000m\000a\000s\000\040\000p\000r\000o\000m\000e\000t\000e\000d\000o\000r\000e\000s}{}% 36
\BOOKMARK [2][-]{subsection.13.1}{\376\377\000C\000a\000d\000e\000n\000a\000\040\000A\000:\000\040\000i\000n\000p\000u\000t\000\040\000n\000o\000\040\000v\000a\000l\000i\000d\000a\000d\000o\000\040\000+\000\040\000p\000e\000r\000s\000i\000s\000t\000e\000n\000c\000i\000a\000\040\000+\000\040\000s\000p\000e\000n\000d\000a\000b\000i\000l\000i\000t\000y}{section.13}% 37
\BOOKMARK [2][-]{subsection.13.2}{\376\377\000C\000a\000d\000e\000n\000a\000\040\000B\000:\000\040\000P\000C\000Z\000T\000\040\000m\000u\000t\000a\000b\000l\000e\000\040\000+\000\040\000h\000i\000s\000t\000o\000r\000i\000a\000l\000\040\000f\000a\000l\000s\000o\000\040\000+\000\040\000p\000e\000r\000s\000i\000s\000t\000e\000n\000c\000i\000a}{section.13}% 38
\BOOKMARK [2][-]{subsection.13.3}{\376\377\000C\000a\000d\000e\000n\000a\000\040\000C\000:\000\040\000e\000s\000t\000a\000d\000o\000\040\000c\000o\000n\000t\000a\000m\000i\000n\000a\000d\000o\000\040\000+\000\040\000d\000e\000e\000p\000\040\000r\000e\000w\000i\000n\000d}{section.13}% 39
\BOOKMARK [1][-]{section.14}{\376\377\000I\000m\000p\000a\000c\000t\000o\000\040\000c\000o\000m\000p\000u\000e\000s\000t\000o\000\040\000f\000i\000n\000a\000l}{}% 40
\BOOKMARK [1][-]{section.15}{\376\377\000Q\000u\000e\000\040\000p\000a\000r\000t\000e\000s\000\040\000q\000u\000e\000r\000e\000m\000o\000s\000\040\000P\000o\000C\000e\000a\000r\000\040\000p\000r\000i\000m\000e\000r\000o}{}% 41
\BOOKMARK [2][-]{subsection.15.1}{\376\377\000E\000s\000t\000a\000d\000o\000\040\000a\000c\000t\000u\000a\000l\000\040\000d\000e\000l\000\040\000t\000a\000r\000g\000e\000t\000\040\000S\000Q\000L\000i\000t\000e}{section.15}% 42
\BOOKMARK [2][-]{subsection.15.2}{\376\377\000T\000a\000r\000g\000e\000t\000s\000\040\000o\000b\000l\000i\000g\000a\000t\000o\000r\000i\000o\000s}{section.15}% 43
\BOOKMARK [2][-]{subsection.15.3}{\376\377\000R\000a\000z\000o\000n\000\040\000d\000e\000\040\000e\000s\000o\000s\000\040\000t\000a\000r\000g\000e\000t\000s}{section.15}% 44
\BOOKMARK [1][-]{section.16}{\376\377\000P\000l\000a\000n\000\040\000d\000e\000\040\000P\000o\000C\000\040\000r\000e\000c\000o\000m\000e\000n\000d\000a\000d\000o}{}% 45
\BOOKMARK [2][-]{subsection.16.1}{\376\377\000P\000o\000C\000\040\0001\000:\000\040\000v\000e\000r\000s\000i\000o\000n\000\040\000`\000`\000m\000i\000n\000i\000m\000a\000\040\000f\000u\000e\000r\000t\000e\000'\000'}{section.16}% 46
\BOOKMARK [2][-]{subsection.16.2}{\376\377\000P\000o\000C\000\040\0002\000:\000\040\000v\000e\000r\000s\000i\000o\000n\000\040\000`\000`\000P\000C\000Z\000T\000\040\000+\000\040\000h\000i\000s\000t\000o\000r\000y\000\040\000c\000o\000r\000r\000u\000p\000t\000i\000o\000n\000'\000'}{section.16}% 47
\BOOKMARK [2][-]{subsection.16.3}{\376\377\000P\000o\000C\000\040\0003\000:\000\040\000v\000e\000r\000s\000i\000o\000n\000\040\000`\000`\000r\000e\000o\000r\000g\000\040\000a\000m\000p\000l\000i\000f\000i\000c\000a\000t\000i\000o\000n\000'\000'}{section.16}% 48
\BOOKMARK [2][-]{subsection.16.4}{\376\377\000P\000o\000C\000\040\0004\000:\000\040\000v\000e\000r\000s\000i\000o\000n\000\040\000`\000`\000p\000a\000n\000i\000c\000\040\000a\000s\000\040\000a\000m\000p\000l\000i\000f\000i\000e\000r\000'\000'}{section.16}% 49
\BOOKMARK [1][-]{section.17}{\376\377\000Q\000u\000e\000\040\000n\000o\000\040\000d\000e\000b\000e\000m\000o\000s\000\040\000e\000x\000a\000g\000e\000r\000a\000r\000\040\000e\000n\000\040\000l\000a\000\040\000P\000o\000C}{}% 50
\BOOKMARK [1][-]{section.18}{\376\377\000R\000e\000s\000u\000m\000e\000n\000\040\000f\000i\000n\000a\000l}{}% 51
