\BOOKMARK [1][-]{section.1}{\376\377\000R\000e\000s\000u\000m\000e\000n\000\040\000e\000j\000e\000c\000u\000t\000i\000v\000o}{}% 1
\BOOKMARK [1][-]{section.2}{\376\377\000C\000o\000n\000t\000e\000x\000t\000o}{}% 2
\BOOKMARK [2][-]{subsection.2.1}{\376\377\000\277\000Q\000u\000\351\000\040\000e\000s\000\040\000P\000C\000Z\000T\000?}{section.2}% 3
\BOOKMARK [2][-]{subsection.2.2}{\376\377\000H\000i\000p\000\363\000t\000e\000s\000i\000s\000\040\000i\000n\000i\000c\000i\000a\000l}{section.2}% 4
\BOOKMARK [1][-]{section.3}{\376\377\000P\000r\000e\000g\000u\000n\000t\000a\000s\000\040\000q\000u\000e\000\040\000g\000u\000i\000a\000r\000o\000n\000\040\000l\000a\000\040\000i\000n\000v\000e\000s\000t\000i\000g\000a\000c\000i\000\363\000n}{}% 5
\BOOKMARK [1][-]{section.4}{\376\377\000M\000a\000p\000a\000\040\000d\000e\000\040\000f\000u\000e\000n\000t\000e\000s\000\040\000d\000e\000\040\000v\000e\000r\000d\000a\000d}{}% 6
\BOOKMARK [2][-]{subsection.4.1}{\376\377\000F\000u\000e\000n\000t\000e\000\040\000d\000e\000\040\000v\000e\000r\000d\000a\000d\000\040\000c\000r\000i\000p\000t\000o\000g\000r\000a\000f\000i\000c\000a}{section.4}% 7
\BOOKMARK [2][-]{subsection.4.2}{\376\377\000F\000u\000e\000n\000t\000e\000\040\000d\000e\000\040\000v\000e\000r\000d\000a\000d\000\040\000d\000e\000\040\000p\000r\000e\000s\000e\000n\000t\000a\000c\000i\000\363\000n}{section.4}% 8
\BOOKMARK [1][-]{section.5}{\376\377\000F\000l\000u\000j\000o\000\040\000v\000u\000l\000n\000e\000r\000a\000b\000l\000e}{}% 9
\BOOKMARK [2][-]{subsection.5.1}{\376\377\000C\000r\000e\000a\000c\000i\000o\000n\000\040\000d\000e\000l\000\040\000P\000C\000Z\000T}{section.5}% 10
\BOOKMARK [2][-]{subsection.5.2}{\376\377\000F\000i\000r\000m\000a}{section.5}% 11
\BOOKMARK [1][-]{section.6}{\376\377\000P\000o\000r\000\040\000q\000u\000\351\000\040\000l\000a\000\040\000P\000o\000C\000\040\000s\000i\000g\000u\000e\000\040\000s\000i\000e\000n\000d\000o\000\040\000v\000\341\000l\000i\000d\000a\000\040\000s\000i\000n\000\040\000c\000r\000e\000a\000t\000e\000\137\000p\000c\000z\000t\000\137\000f\000r\000o\000m\000\137\000p\000r\000o\000p\000o\000s\000a\000l}{}% 12
\BOOKMARK [1][-]{section.7}{\376\377\000P\000o\000r\000\040\000q\000u\000\351\000\040\000h\000a\000c\000e\000\040\000f\000a\000l\000t\000a\000\040\000c\000o\000n\000s\000e\000r\000v\000a\000r\000\040\000P\000c\000z\000t\000R\000e\000c\000i\000p\000i\000e\000n\000t\000:\000:\000E\000x\000t\000e\000r\000n\000a\000l}{}% 13
\BOOKMARK [1][-]{section.8}{\376\377\000E\000s\000\040\000s\000o\000l\000o\000\040\000m\000i\000s\000u\000s\000e\000\040\000d\000e\000l\000\040\000r\000o\000l\000\040\000U\000p\000d\000a\000t\000e\000r\000?}{}% 14
\BOOKMARK [2][-]{subsection.8.1}{\376\377\000E\000x\000t\000r\000a\000c\000c\000i\000\363\000n\000\040\000y\000\040\000a\000l\000m\000a\000c\000e\000n\000a\000m\000i\000e\000n\000t\000o}{section.8}% 15
\BOOKMARK [1][-]{section.9}{\376\377\000H\000i\000p\000\363\000t\000e\000s\000i\000s\000\040\000e\000x\000a\000c\000t\000a\000\040\000d\000e\000l\000\040\000e\000x\000p\000l\000o\000i\000t}{}% 16
\BOOKMARK [1][-]{section.10}{\376\377\000P\000o\000C\000\040\000e\000j\000e\000c\000u\000t\000a\000b\000l\000e}{}% 17
\BOOKMARK [2][-]{subsection.10.1}{\376\377\000T\000e\000s\000t\000\040\000a\000g\000r\000e\000g\000a\000d\000o}{section.10}% 18
\BOOKMARK [2][-]{subsection.10.2}{\376\377\000\277\000Q\000u\000\351\000\040\000h\000a\000c\000e\000\040\000e\000l\000\040\000t\000e\000s\000t\000?}{section.10}% 19
\BOOKMARK [2][-]{subsection.10.3}{\376\377\000C\000o\000m\000a\000n\000d\000o\000\040\000d\000e\000\040\000e\000j\000e\000c\000u\000c\000i\000\363\000n}{section.10}% 20
\BOOKMARK [2][-]{subsection.10.4}{\376\377\000S\000a\000l\000i\000d\000a\000\040\000o\000b\000s\000e\000r\000v\000a\000d\000a}{section.10}% 21
\BOOKMARK [2][-]{subsection.10.5}{\376\377\000R\000e\000s\000u\000l\000t\000a\000d\000o\000\040\000s\000e\000m\000\341\000n\000t\000i\000c\000o\000\040\000e\000x\000a\000c\000t\000o}{section.10}% 22
\BOOKMARK [2][-]{subsection.10.6}{\376\377\000I\000n\000t\000e\000r\000p\000r\000e\000t\000a\000c\000i\000\363\000n}{section.10}% 23
\BOOKMARK [1][-]{section.11}{\376\377\000\277\000P\000o\000r\000\040\000q\000u\000\351\000\040\000l\000a\000s\000\040\000f\000i\000r\000m\000a\000s\000\040\000s\000i\000g\000u\000e\000n\000\040\000s\000i\000e\000n\000d\000o\000\040\000v\000\341\000l\000i\000d\000a\000s\000?}{}% 24
\BOOKMARK [1][-]{section.12}{\376\377\000P\000r\000e\000g\000u\000n\000t\000a\000s\000\040\000q\000u\000e\000\040\000n\000o\000s\000\040\000h\000i\000c\000i\000m\000o\000s\000\040\000h\000a\000s\000t\000a\000\040\000l\000l\000e\000g\000a\000r\000\040\000a\000l\000\040\000P\000o\000C}{}% 25
\BOOKMARK [1][-]{section.13}{\376\377\000P\000u\000n\000t\000a\000s\000\040\000a\000\040\000s\000e\000g\000u\000i\000r\000\040\000i\000n\000v\000e\000s\000t\000i\000g\000a\000n\000d\000o}{}% 26
\BOOKMARK [2][-]{subsection.13.1}{\376\377\000S\000i\000g\000n\000e\000r\000\040\000d\000e\000c\000e\000p\000t\000i\000o\000n\000\040\000r\000e\000a\000l\000\040\000f\000r\000e\000n\000t\000e\000\040\000a\000\040\000u\000n\000a\000\040\000U\000I\000\040\000h\000u\000m\000a\000n\000a}{section.13}% 27
\BOOKMARK [2][-]{subsection.13.2}{\376\377\000O\000r\000c\000h\000a\000r\000d}{section.13}% 28
\BOOKMARK [2][-]{subsection.13.3}{\376\377\000z\000c\000a\000s\000h\000\137\000c\000l\000i\000e\000n\000t\000\137\000m\000e\000m\000o\000r\000y}{section.13}% 29
\BOOKMARK [2][-]{subsection.13.4}{\376\377\000Z\000a\000l\000l\000e\000t}{section.13}% 30
\BOOKMARK [2][-]{subsection.13.5}{\376\377\000z\000c\000a\000s\000h\000d}{section.13}% 31
\BOOKMARK [1][-]{section.14}{\376\377\000C\000l\000a\000s\000i\000f\000i\000c\000a\000c\000i\000\363\000n\000\040\000t\000\351\000c\000n\000i\000c\000a}{}% 32
\BOOKMARK [1][-]{section.15}{\376\377\000R\000e\000c\000o\000m\000e\000n\000d\000a\000c\000i\000o\000n\000e\000s}{}% 33
